Authentication complete.
Tweet 24 of 106 posted: What's worse than Camp Chippewa? A printer, according to some man whose comment I overheard the other day.
Authentication complete.
Tweet 97 of 107 posted: I want something to eat, but I don't know what I want.
Authentication complete.
Tweet 41 of 107 posted: Who's that off-brand Uncle Fester playing at in the East?
Authentication complete.
Tweet 27 of 107 posted: Sailor Saturn? I like her.
Authentication complete.
Tweet 57 of 107 posted: ChloÃ« Grace Moretz voiced me well.
Authentication complete.
Tweet 20 of 107 posted: Ah, what I would not give for Karen Gillan to look me in the eye and say 'Cara mia'.
Authentication complete.
Tweet 16 of 107 posted: Where's a thunderstorm when you need one?
Authentication complete.
Tweet 74 of 107 posted: Could you imagine if Uncle Fester went to an anime convention? They'd say One Punch Man let himself go.
Authentication complete.
Tweet 72 of 107 posted: I've got the music from Sailor Moon stuck in my head. Not gonna lie, though, I like it.
Authentication complete.
Tweet 32 of 107 posted: Be afraid. Be very afraid.
Authentication complete.
Traceback (most recent call last):
  File "/home/wednesday-addams/Documents/.Automation/Twitter Bots/Lesbian Wednesday Addams/tweetbot.py", line 134, in <module>
    tweet()
  File "/home/wednesday-addams/Documents/.Automation/Twitter Bots/Lesbian Wednesday Addams/tweetbot.py", line 116, in tweet
    api.update_status(tweetlist[line])
  File "/home/wednesday-addams/.local/lib/python3.9/site-packages/tweepy/api.py", line 46, in wrapper
    return method(*args, **kwargs)
  File "/home/wednesday-addams/.local/lib/python3.9/site-packages/tweepy/api.py", line 1142, in update_status
    return self.request(
  File "/home/wednesday-addams/.local/lib/python3.9/site-packages/tweepy/api.py", line 265, in request
    raise Forbidden(resp)
tweepy.errors.Forbidden: 403 Forbidden
187 - Status is a duplicate.
Authentication complete.
Tweet 49 of 107 posted: I wonder whose idea was it to call bras 'over the shoulder boulder holders'.
Authentication complete.
Traceback (most recent call last):
  File "/home/wednesday-addams/Documents/.Automation/Twitter Bots/Lesbian Wednesday Addams/tweetbot.py", line 134, in <module>
    tweet()
  File "/home/wednesday-addams/Documents/.Automation/Twitter Bots/Lesbian Wednesday Addams/tweetbot.py", line 116, in tweet
    api.update_status(tweetlist[line])
  File "/home/wednesday-addams/.local/lib/python3.9/site-packages/tweepy/api.py", line 46, in wrapper
    return method(*args, **kwargs)
  File "/home/wednesday-addams/.local/lib/python3.9/site-packages/tweepy/api.py", line 1142, in update_status
    return self.request(
  File "/home/wednesday-addams/.local/lib/python3.9/site-packages/tweepy/api.py", line 265, in request
    raise Forbidden(resp)
tweepy.errors.Forbidden: 403 Forbidden
187 - Status is a duplicate.
Authentication complete.
Tweet 55 of 107 posted: Man, those two at Camp Chippewa were the Gary, Indiana of people.
Authentication complete.
Tweet 30 of 107 posted: I'll stop wearing black when they make a darker color.
Authentication complete.
Tweet 70 of 111 posted: I sometimes wish I was in the Townsend Agency. Someone should make fanfiction of that, come to think of it. The Addams Family x 2019 Charlie's Angels would be an interesting combination
Authentication complete.
Tweet 105 of 111 posted: Been playing a lot of GTA V recently. I like the chaos.
Authentication complete.
Tweet 58 of 111 posted: I can almost hear people watching the Addams Family films everywhere. So this is what the Droste effect is. Interesting.
Authentication complete.
Tweet 43 of 112 posted: Okay, I admit it. I like Billie Eilish.
Authentication complete.
Tweet 78 of 112 posted: A friend of mine told me I should cosplay as Sailor Saturn. I'll give it some thought. She's my favourite sailor scout, after all.
Authentication complete.
Tweet 57 of 112 posted: I want nothing more than to just chill on some days. Today seems to be one of them.
Authentication complete.
Conditional Tweet 5 of 5 posted: Thank goth it's Wednesday. The best day of the week, though I may be a bit biased on that one.
Authentication complete.
Conditional Tweet 5 of 5 posted: Thank goth it's Wednesday. The best day of the week, though I may be a bit biased on that one.
Authentication complete.
Tweet 18 of 113 posted: Thing's had a guess at what I dreamt of the other day. "A day out with Emma Watson, watching the Addams Family, half of us wondering whether the Droste Effect is happening like something out of the Twilight Zone" was what he wrote down.
Authentication complete.
Tweet 6 of 113 posted: Why do I have A View To A Kill stuck in my head all of a sudden?
Authentication complete.
Tweet 32 of 113 posted: On Wednesdays, we wear black.
Authentication complete.
Tweet 96 of 113 posted: What is this 'uwu' energy people keep mentioning? I'm aware kittens possess that energy, but still...
Authentication complete.
Traceback (most recent call last):
  File "/home/wednesday-addams/Documents/.Automation/Twitter Bots/Lesbian Wednesday Addams/tweetbot.py", line 137, in <module>
    tweet()
  File "/home/wednesday-addams/Documents/.Automation/Twitter Bots/Lesbian Wednesday Addams/tweetbot.py", line 119, in tweet
    api.update_status(tweetlist[line])
  File "/home/wednesday-addams/.local/lib/python3.9/site-packages/tweepy/api.py", line 46, in wrapper
    return method(*args, **kwargs)
  File "/home/wednesday-addams/.local/lib/python3.9/site-packages/tweepy/api.py", line 1142, in update_status
    return self.request(
  File "/home/wednesday-addams/.local/lib/python3.9/site-packages/tweepy/api.py", line 265, in request
    raise Forbidden(resp)
tweepy.errors.Forbidden: 403 Forbidden
186 - Tweet needs to be a bit shorter.
Authentication complete.
Tweet 108 of 113 posted: I'm not surprised that lettuce won. I give myself 7 days before I have some surreal dream about a civilization of sentient pieces of lettuce.
Authentication complete.
Tweet 23 of 113 posted: Why do people make doing certain processes hard? I swear it ends up taking 5 hours to do something that should take minutes.
Authentication complete.
Traceback (most recent call last):
  File "/home/wednesday-addams/Documents/.Automation/Twitter Bots/Lesbian Wednesday Addams/tweetbot.py", line 137, in <module>
    tweet()
  File "/home/wednesday-addams/Documents/.Automation/Twitter Bots/Lesbian Wednesday Addams/tweetbot.py", line 119, in tweet
    api.update_status(tweetlist[line])
  File "/home/wednesday-addams/.local/lib/python3.9/site-packages/tweepy/api.py", line 46, in wrapper
    return method(*args, **kwargs)
  File "/home/wednesday-addams/.local/lib/python3.9/site-packages/tweepy/api.py", line 1142, in update_status
    return self.request(
  File "/home/wednesday-addams/.local/lib/python3.9/site-packages/tweepy/api.py", line 265, in request
    raise Forbidden(resp)
tweepy.errors.Forbidden: 403 Forbidden
186 - Tweet needs to be a bit shorter.
Authentication complete.
Tweet 100 of 113 posted: It was foggy this morning, and I liked it. Now it's sunny... damn it.
Authentication complete.
Tweet 110 of 113 posted: I tried brussels sprouts once. No thanks. What madman brought those things into existence?
Authentication complete.
Tweet 41 of 113 posted: I heard someone saying that Thing used to be Luke Skywalker's hand. I'm not so sure about that yet.
Authentication complete.
Tweet 8 of 113 posted: I've got street food stuck on my mind right now. I think my brain's telling me to have some arepa.
Authentication complete.
Conditional Tweet 4 of 5 posted: October. The best month of all.
Traceback (most recent call last):
  File "/home/wednesday-addams/Documents/.Automation/Twitter Bots/Lesbian Wednesday Addams/tweetbot.py", line 17, in <module>
    from tweepy import OAuthHandler, API, TweepError
ImportError: cannot import name 'TweepError' from 'tweepy' (/home/wednesday-addams/.local/lib/python3.9/site-packages/tweepy/__init__.py)
Authentication complete.
Traceback (most recent call last):
  File "/home/wednesday-addams/Documents/.Automation/Twitter Bots/Lesbian Wednesday Addams/tweetbot.py", line 143, in <module>
    tweet()
  File "/home/wednesday-addams/Documents/.Automation/Twitter Bots/Lesbian Wednesday Addams/tweetbot.py", line 130, in tweet
    api.update_status(tweetlist[line])
  File "/home/wednesday-addams/.local/lib/python3.9/site-packages/tweepy/api.py", line 46, in wrapper
    return method(*args, **kwargs)
  File "/home/wednesday-addams/.local/lib/python3.9/site-packages/tweepy/api.py", line 1142, in update_status
    return self.request(
  File "/home/wednesday-addams/.local/lib/python3.9/site-packages/tweepy/api.py", line 265, in request
    raise Forbidden(resp)
tweepy.errors.Forbidden: 403 Forbidden
187 - Status is a duplicate.

During handling of the above exception, another exception occurred:

Traceback (most recent call last):
  File "/home/wednesday-addams/Documents/.Automation/Twitter Bots/Lesbian Wednesday Addams/tweetbot.py", line 145, in <module>
    if err.args[0][0]['code'] == 186:
TypeError: string indices must be integers
Authentication complete.
Tweet 13 of 113 posted: Pugsley tried to guess what I dreamt about the other night. He guessed it involved Rihanna and some fugazzeta while A View To A Kill played quietly in the background.
Authentication complete.
Tweet 87 of 113 posted: When the weather app says it's going to rain and then it doesn't. Ugh...
Authentication complete.
Tweet 45 of 113 posted: That moment when you look at Maya Hawke and you feel the last vestiges of your heterosexuality disappearing. Yes. Mother noticed.
Authentication complete.
Conditional Tweet 5 of 5 posted: Thank goth it's Wednesday. The best day of the week, though I may be a bit biased on that one.
Authentication complete.
Tweet 52 of 113 posted: Sometimes I get bored enough that I see no other thing to do than to look through memes for hours on end. The creativity is... impressive.
Authentication complete.
Tweet 48 of 113 posted: That feeling you get when you take your bra off after a long day. I can agree with that.
Authentication complete.
Tweet 94 of 113 posted: A wig from a bargain store and a pinafore is not an ideal cosplay, though kudos for the effort at least.
Authentication complete.
Tweet 104 of 113 posted: I'm thinking about food. Odds are it's because I can smell it cooking. I hope whoever cooked it hasn't burned it.
Authentication complete.
Tweet 53 of 113 posted: There's nothing worse than a bad internet connection, especially when I'm trying to game. 9.035Mbps? Seriously?
Authentication complete.
Tweet 76 of 113 posted: I overheard someone saying that some company's headquarters was their version of hell. I can only assume they work in tech support, so it's fortunate I don't bother with printers. Sounds like more trouble than they're worth.
Authentication complete.
Tweet 18 of 113 posted: Thing's had a guess at what I dreamt of the other day. "A day out with Kate Beckinsale, watching Lord of the Rings in one sitting" was what he wrote down.
Authentication complete.
Tweet 84 of 113 posted: I doubt Father could handle a trip to France. I can hear "Tish, that's French!" from 68 kilometres away.
Authentication complete.
Traceback (most recent call last):
  File "/home/wednesday-addams/Documents/.Automation/Twitter Bots/Lesbian Wednesday Addams/tweetbot.py", line 155, in <module>
    tweet()
  File "/home/wednesday-addams/Documents/.Automation/Twitter Bots/Lesbian Wednesday Addams/tweetbot.py", line 142, in tweet
    api.update_status(tweetlist[line])
  File "/home/wednesday-addams/.local/lib/python3.9/site-packages/tweepy/api.py", line 46, in wrapper
    return method(*args, **kwargs)
  File "/home/wednesday-addams/.local/lib/python3.9/site-packages/tweepy/api.py", line 1142, in update_status
    return self.request(
  File "/home/wednesday-addams/.local/lib/python3.9/site-packages/tweepy/api.py", line 265, in request
    raise Forbidden(resp)
tweepy.errors.Forbidden: 403 Forbidden
187 - Status is a duplicate.

During handling of the above exception, another exception occurred:

Traceback (most recent call last):
  File "/home/wednesday-addams/Documents/.Automation/Twitter Bots/Lesbian Wednesday Addams/tweetbot.py", line 157, in <module>
    if err.args[0][0][err] == '186':
TypeError: string indices must be integers
Authentication complete.
Tweet 44 of 113 posted: Okay, I admit it. I like Billie Eilish.
Authentication complete.
Tweet 25 of 113 posted: I can't tell of there's a thunderstorm coming or Pugsley's had beans again. 9 cans of air freshener won't be enough if it's not thunder.
Authentication complete.
Tweet 14 of 113 posted: I'm craving acarejÃ© right now. Where's Dr Strange and that sling ring of his? It'll save me having to walk to get the food.
Authentication complete.
Tweet 63 of 113 posted: ChloÃ« Grace Moretz voiced me well.
Authentication complete.
Tweet 13 of 113 posted: Pugsley tried to guess what I dreamt about the other night. He guessed it involved Emma Watson and some salteÃ±as while Heavy Fuel played quietly in the background.
Authentication complete.
Tweet 96 of 113 posted: What is this 'uwu' energy people keep mentioning? I'm aware kittens possess that energy, but still...
Authentication complete.
Tweet 91 of 113 posted: I think I'm the most prepared in the Addams clan. Pugsley's guess of 872 million of them was quite the overstatement.
Authentication complete.
Tweet 79 of 113 posted: A friend of mine told me I should cosplay as Sailor Saturn. I'll give it some thought. She's my favourite sailor scout, after all.
Authentication complete.
Tweet 100 of 113 posted: It was foggy this morning, and I liked it. Now it's sunny... damn it.
Authentication complete.
Tweet 6 of 113 posted: Why do I have Hard Rock Hallelujah stuck in my head all of a sudden?
Authentication complete.
Tweet 67 of 113 posted: Linux intrigues me for some reason, though I am not quite sure why. Could you imagine a sysadmin in the Addams Family?
Authentication complete.
Tweet 106 of 113 posted: They had men doing construction work out the window once. At least their radio choices were decent.
Authentication complete.
Tweet 26 of 113 posted: Ah, what I would not give for Alexandra Daddario to look me in the eye and say 'Cara mia'.
Authentication complete.
Tweet 17 of 113 posted: There's nothing better than a peaceful night, a gentle breeze and a temperature of 16Â°C
Authentication complete.
Tweet 78 of 113 posted: I've got the music from Sailor Moon stuck in my head. Not gonna lie, though, I like it.
Authentication complete.
Tweet 102 of 113 posted: It's colder than I expected it to be today. A reminder of the cold embrace of death.
Authentication complete.
Tweet 10 of 113 posted: Mother's been trying to guess who has been on my mind today. Ãrsula CorberÃ³ was her latest guess.
Authentication complete.
Tweet 87 of 113 posted: When the weather app says it's going to rain and then it doesn't. Ugh...
Authentication complete.
Traceback (most recent call last):
  File "/home/wednesday-addams/Documents/.Automation/Twitter Bots/Lesbian Wednesday Addams/tweetbot.py", line 155, in <module>
    tweet()
  File "/home/wednesday-addams/Documents/.Automation/Twitter Bots/Lesbian Wednesday Addams/tweetbot.py", line 142, in tweet
    api.update_status(tweetlist[line])
  File "/home/wednesday-addams/.local/lib/python3.9/site-packages/tweepy/api.py", line 46, in wrapper
    return method(*args, **kwargs)
  File "/home/wednesday-addams/.local/lib/python3.9/site-packages/tweepy/api.py", line 1142, in update_status
    return self.request(
  File "/home/wednesday-addams/.local/lib/python3.9/site-packages/tweepy/api.py", line 265, in request
    raise Forbidden(resp)
tweepy.errors.Forbidden: 403 Forbidden
187 - Status is a duplicate.

During handling of the above exception, another exception occurred:

Traceback (most recent call last):
  File "/home/wednesday-addams/Documents/.Automation/Twitter Bots/Lesbian Wednesday Addams/tweetbot.py", line 157, in <module>
    if err.args[0][0][err] == '186':
TypeError: string indices must be integers
Authentication complete.
Tweet 77 of 114 posted: I'm still getting over Debbie's choice to use pastels. Like, seriously?
Authentication complete.
Tweet 53 of 114 posted: There's nothing worse than a bad internet connection, especially when I'm trying to game. 4.141Mbps? Seriously?
Authentication complete.
Tweet 69 of 114 posted: Sometimes I just want to sleep after a long day.
Authentication complete.
Tweet 72 of 114 posted: I sometimes wish I was in the Townsend Agency. Someone should make fanfiction of that, come to think of it. The Addams Family x 2019 Charlie's Angels would be an interesting combination
Authentication complete.
Tweet 35 of 114 posted: I hate everything... except maybe spiders
Authentication complete.
Traceback (most recent call last):
  File "/home/wednesday-addams/Documents/.Automation/Twitter Bots/Lesbian Wednesday Addams/tweetbot.py", line 155, in <module>
    tweet()
  File "/home/wednesday-addams/Documents/.Automation/Twitter Bots/Lesbian Wednesday Addams/tweetbot.py", line 142, in tweet
    api.update_status(tweetlist[line])
  File "/home/wednesday-addams/.local/lib/python3.9/site-packages/tweepy/api.py", line 46, in wrapper
    return method(*args, **kwargs)
  File "/home/wednesday-addams/.local/lib/python3.9/site-packages/tweepy/api.py", line 1142, in update_status
    return self.request(
  File "/home/wednesday-addams/.local/lib/python3.9/site-packages/tweepy/api.py", line 265, in request
    raise Forbidden(resp)
tweepy.errors.Forbidden: 403 Forbidden
186 - Tweet needs to be a bit shorter.

During handling of the above exception, another exception occurred:

Traceback (most recent call last):
  File "/home/wednesday-addams/Documents/.Automation/Twitter Bots/Lesbian Wednesday Addams/tweetbot.py", line 157, in <module>
    if err.args[0][0]['code'] == '186':
TypeError: string indices must be integers
Authentication complete.
Tweet 30 of 115 posted: A spider is a girl's best friend.
Authentication complete.
Tweet 33 of 115 posted: Sailor Saturn? I like her.
Authentication complete.
Tweet 115 of 115 posted: I sometimes have those momemts when all I can hear is someone shouting loudly at something out of pure frustration. I'd say it's probably at around 111 decibels.
Authentication complete.
Tweet 21 of 115 posted: Sometimes, my internet wants to run like it was made in 1629.
Authentication complete.
Conditional Tweet 3 of 5 posted: Halloween's not for some time yet. Still, another year closer to death's cold embrace.
Authentication complete.
Tweet 49 of 115 posted: Have you ever lied there thinking about something and the next thing you know it's the next morning? Only caffeine and the works of Poe sustain me from then on.
Authentication complete.
Tweet 16 of 115 posted: Where's a thunderstorm when you need one? It's been at least 4 days since the last one.
Authentication complete.
Tweet 74 of 115 posted: Tea is the only thing keeping me awake sometimes.
Authentication complete.
Tweet 101 of 115 posted: It was foggy this morning, and I liked it. Now it's sunny... damn it.
Authentication complete.
Tweet 112 of 115 posted: No idea what I wan't to do right now.
Authentication complete.
Tweet 85 of 115 posted: I doubt Father could handle a trip to France. I can hear "Tish, that's French!" from 45 miles away.
Authentication complete.
Tweet 54 of 115 posted: I sometimes find myself drinkng tea as much as Captain Janeway drinks coffee. She drank coffee at Warp 9.07
Authentication complete.
Tweet 105 of 115 posted: I'm thinking about food. Odds are it's because I can smell it cooking. I hope whoever cooked it hasn't burned it.
Authentication complete.
Tweet 68 of 115 posted: Linux intrigues me for some reason, though I am not quite sure why. Could you imagine a sysadmin in the Addams Family?
Authentication complete.
Tweet 17 of 115 posted: There's nothing better than a peaceful night, a gentle breeze and a temperature of 16Â°C
Authentication complete.
Traceback (most recent call last):
  File "/home/wednesday-addams/Documents/.Automation/Twitter Bots/Lesbian Wednesday Addams/tweetbot.py", line 28, in <module>
    os.chdir('/home/wednesday-addams/Documents/.Automation/Twitter Bots/Lesbian Wednesday Addams/Logs/')
FileNotFoundError: [Errno 2] No such file or directory: '/home/wednesday-addams/Documents/.Automation/Twitter Bots/Lesbian Wednesday Addams/Logs/'
Authentication complete.
Tweet 33 of 117 posted: On Wednesdays, we wear black.
Authentication complete.
Tweet 66 of 117 posted: I can hear that counterfeit Uncle Fester shitting bricks after what I've been hearing.
Authentication complete.
Tweet 72 of 117 posted: "Men is too headache." I couldn't agree more.
Authentication complete.
Tweet 17 of 117 posted: There's nothing better than a peaceful night, a gentle breeze and a temperature of 18Â°C
Authentication complete.
Tweet 19 of 117 posted: Someone just guessed what's on my mind now. They said, "Naomi Scott, some ajiaco, and watching Shang-Chi". They're not far off.
Authentication complete.
Tweet 23 of 117 posted: Why do people make doing certain processes hard? I swear it ends up taking 4 hours to do something that should take minutes.
Authentication complete.
Tweet 52 of 117 posted: I'm gay for Kate Beckinsale. I'm pretty sure Mother knows.
Authentication complete.
Tweet 112 of 117 posted: I've been playing games so much I expect Cara Delevingne's voice to be heard every time I turn the radio on.
Authentication complete.
Tweet 96 of 117 posted: A wig from a bargain store and a pinafore is not an ideal cosplay - it's more like 29.5/10 - though kudos for the effort at least.
Authentication complete.
Tweet 97 of 117 posted: I've had the same song stuck in my head for the last 11 days... Night Witches
Authentication complete.
Tweet 30 of 117 posted: I am not perky.
Authentication complete.
Tweet 80 of 117 posted: I've got the music from Sailor Moon stuck in my head. Not gonna lie, though, I like it.
Authentication complete.
Tweet 61 of 117 posted: I can almost hear people watching the Addams Family films. So this is what the Droste effect is. Interesting.
Authentication complete.
Tweet 103 of 118 posted: Ask me to write something down in a hurry and you can guarantee that in a week's time, I'll need the Rosetta Stone just to read what the fuck I've written. Shit looks like Imhotep's homework.
Authentication complete.
Tweet 118 of 118 posted: Sometimes, you just have to tell people things that are stupidly obvious. "Llanfairpwllgwyngyllgogerychwyrndrobwllllantysiliogogogoch is in Wales", for example.
Authentication complete.
Tweet 54 of 118 posted: There's nothing worse than a bad internet connection, especially when I'm trying to game. 7.116Mbps? Seriously?
Authentication complete.
Tweet 51 of 118 posted: Sometimes, 8:03am feels like it's too early.
Authentication complete.
Traceback (most recent call last):
  File "/home/wednesday-addams/Documents/.Automation/Twitter Bots/Lesbian Wednesday Addams/tweetbot.py", line 159, in <module>
    tweet()
  File "/home/wednesday-addams/Documents/.Automation/Twitter Bots/Lesbian Wednesday Addams/tweetbot.py", line 146, in tweet
    api.update_status(tweetlist[line])
  File "/home/wednesday-addams/.local/lib/python3.9/site-packages/tweepy/api.py", line 46, in wrapper
    return method(*args, **kwargs)
  File "/home/wednesday-addams/.local/lib/python3.9/site-packages/tweepy/api.py", line 1142, in update_status
    return self.request(
  File "/home/wednesday-addams/.local/lib/python3.9/site-packages/tweepy/api.py", line 265, in request
    raise Forbidden(resp)
tweepy.errors.Forbidden: 403 Forbidden
187 - Status is a duplicate.

During handling of the above exception, another exception occurred:

Traceback (most recent call last):
  File "/home/wednesday-addams/Documents/.Automation/Twitter Bots/Lesbian Wednesday Addams/tweetbot.py", line 161, in <module>
    int = err.args[0][0]['code']
TypeError: string indices must be integers
Authentication complete.
Tweet 46 of 118 posted: That moment when you look at ChloÃ« Grace Moretz and you feel the last vestiges of your heterosexuality disappearing. Yes. Mother noticed.
Authentication complete.
Thu Nov 10 00:00:02 2022 - Tweet 115 of 118 posted: Asking myself whether I should make myself a cup of tea or wait until later. I give it 78 minutes before the urge for a cup of tea becomes overwhelming.
Authentication complete.
Thu Nov 10 01:00:02 2022 - Tweet 2 of 118 posted: Still isn't Halloween yet...
Authentication complete.
Thu Nov 10 02:00:02 2022 - Tweet 92 of 118 posted: I tried to upgrade my computer once but it hung at the wrong moment. The end result was a catastophe that required reinstalling the operating system and half a day of recovery.
Authentication complete.
Thu Nov 10 03:00:02 2022 - Tweet 1 of 118 posted: I await Wednesday with great interest.
Authentication complete.
Thu Nov 10 04:00:02 2022 - Tweet 39 of 118 posted: Be afraid. Be very afraid. Like most people playing Resident Evil with the lights off.
Authentication complete.
Thu Nov 10 11:00:02 2022 - Tweet 67 of 118 posted: ./wednesday-addams.py? Do they think I'm emotionless like Data? I'll gladly have a cat, however.
Authentication complete.
Thu Nov 10 12:00:02 2022 - Tweet 58 of 118 posted: Sometimes, there's no better thing than a lie in.
Authentication complete.
Thu Nov 10 13:00:02 2022 - Tweet 65 of 118 posted: ChloÃ« Grace Moretz voiced me well.
Authentication complete.
Thu Nov 10 14:00:02 2022 - Tweet 66 of 118 posted: I can hear that counterfeit Uncle Fester shitting bricks after what I've been hearing.
Authentication complete.
Thu Nov 10 15:00:02 2022 - Tweet 71 of 118 posted: Sometimes I just want to sleep after a long day.
Authentication complete.
Authentication complete.
Authentication complete.
Thu Nov 10 16:12:03 2022 - Tweet 26 of 118 posted: Ah, what I would not give for Ella Balinska to look me in the eye and say 'Cara mia'.
Authentication complete.
Thu Nov 10 16:13:02 2022 - Tweet 3 of 118 posted: I'll be said when October is gone.
Authentication complete.
Thu Nov 10 17:00:03 2022 - Tweet 97 of 118 posted: I've had the same song stuck in my head for the last 9 days... To Hell and Back
Authentication complete.
Thu Nov 10 18:00:02 2022 - Tweet 92 of 118 posted: I tried to upgrade my computer once but it hung at the wrong moment. The end result was a catastophe that required reinstalling the operating system and half a day of recovery.
Authentication complete.
Thu Nov 10 19:00:02 2022 - Tweet 72 of 118 posted: "Men is too headache." I couldn't agree more.
Authentication complete.
Thu Nov 10 20:00:02 2022 - Tweet 109 of 118 posted: They had men doing construction work out the window once. At least their radio choices were decent.
Authentication complete.
Thu Nov 10 21:00:02 2022 - Tweet 90 of 118 posted: A litle but of sudden rain is nice.
Authentication complete.
Thu Nov 10 22:00:07 2022 - Tweet 20 of 118 posted: What I need is a sling ring and some highly advanced technology so that I can give Sailor Pluto some nihari and a much needed hug.
Authentication complete.
Thu Nov 10 23:00:02 2022 - Tweet 96 of 118 posted: A wig from a bargain store and a pinafore is not an ideal cosplay - it's more like 1.45/10 - though kudos for the effort at least.
Authentication complete.
Fri Nov 11 00:00:02 2022 - Tweet 78 of 118 posted: I overheard someone saying that some company's headquarters was their version of hell. I can only assume they work in tech support, so it's fortunate I don't bother with printers. Sounds like more trouble than they're worth.
Authentication complete.
Fri Nov 11 01:00:02 2022 - Tweet 33 of 118 posted: On Wednesdays, we wear black.
Authentication complete.
Fri Nov 11 02:00:02 2022 - Tweet 32 of 118 posted: What's worse than Camp Chippewa? Ellesmere Port, according to someone whose comment I overheard the other day.
Authentication complete.
Fri Nov 11 03:00:02 2022 - Tweet 93 of 118 posted: I think I'm the most prepared in the Addams clan. Pugsley's guess of 18 million of them was quite the overstatement.
Authentication complete.
Fri Nov 11 04:00:02 2022 - Tweet 39 of 118 posted: Be afraid. Be very afraid. Like most people playing Resident Evil with the lights off.
Authentication complete.
Fri Nov 11 11:00:01 2022 - Tweet 18 of 118 posted: Thing's had a guess at what I dreamt of the other day. "A day out with Emma Watson, binging Star Trek until the early hours" was what he wrote down.
Authentication complete.
Fri Nov 11 12:00:01 2022 - Tweet 38 of 118 posted: You severely underestimate my apathy.
Authentication complete.
Fri Nov 11 13:00:02 2022 - Tweet 107 of 118 posted: I'm thinking about food. Odds are it's because I can smell it cooking. I hope whoever cooked it hasn't burned it, though knowing some people, there's a 64% chance they have.
Authentication complete.
Fri Nov 11 14:00:02 2022 - Tweet 15 of 118 posted: For 0.655 seconds I imagined Father spending some time in France. As for how dramatic he'd be on a scale of 1 to 10 when he notices everyone speaking French, I'd say at least 284.
Authentication complete.
Fri Nov 11 15:00:02 2022 - Tweet 35 of 118 posted: Cats are homicidal furballs.
Authentication complete.
Fri Nov 11 16:00:02 2022 - Tweet 99 of 118 posted: Fuck. It's sunny. Where's my umbrella?
Authentication complete.
Fri Nov 11 17:00:02 2022 - Tweet 66 of 118 posted: I can hear that counterfeit Uncle Fester shitting bricks after what I've been hearing.
Authentication complete.
Fri Nov 11 18:00:02 2022 - Tweet 80 of 118 posted: I've got the music from Sailor Moon stuck in my head. Not gonna lie, though, I like it.
Authentication complete.
Fri Nov 11 19:00:02 2022 - Tweet 117 of 118 posted: I sometimes have those momemts when all I can hear is someone shouting loudly at something out of pure frustration. I'd say it's probably at around 124 decibels.
Authentication complete.
Fri Nov 11 20:00:02 2022 - Tweet 110 of 118 posted: Been playing a lot of GTA V recently. Has anyone told Michael De Santa he looks like he's holding in a fart for the whole game?
Authentication complete.
Fri Nov 11 21:00:02 2022 - Tweet 30 of 118 posted: I am not perky.
Authentication complete.
Fri Nov 11 22:00:02 2022 - Tweet 39 of 118 posted: Be afraid. Be very afraid. Like practically everyone when they notice the Duolingo owl following them when they missed their lesson in Xhosa.
Authentication complete.
Fri Nov 11 23:00:02 2022 - Tweet 26 of 118 posted: Ah, what I would not give for Ana de Armas to look me in the eye and say 'Cara mia'.
Authentication complete.
Sat Nov 12 00:00:02 2022 - Tweet 1 of 118 posted: I await Wednesday with great interest.
Authentication complete.
Sat Nov 12 01:00:02 2022 - Tweet 43 of 118 posted: 'Wednesday's child is full of woe.' Sounds about right.
Authentication complete.
Sat Nov 12 02:00:02 2022 - Tweet 33 of 118 posted: On Wednesdays, we wear black.
Authentication complete.
Sat Nov 12 03:00:02 2022 - Tweet 94 of 118 posted: Why did they choose November 23rd? I'd've released it on October 31st. Halloween's a much better date.
Authentication complete.
Sat Nov 12 04:00:02 2022 - Tweet 65 of 118 posted: ChloÃ« Grace Moretz voiced me well.
Authentication complete.
Sat Nov 12 11:00:02 2022 - Tweet 82 of 118 posted: Could you imagine if Uncle Fester went to an anime convention? They'd say One Punch Man let himself go.
Authentication complete.
Sat Nov 12 12:00:02 2022 - Tweet 34 of 118 posted: Sailor Venus? I like her.
Authentication complete.
Sat Nov 12 13:00:02 2022 - Tweet 95 of 118 posted: I think Jenna Ortega will do well as Wednesday.
Authentication complete.
Sat Nov 12 14:00:02 2022 - Tweet 23 of 118 posted: Why do people make doing certain processes hard? I swear it ends up taking 3 hours to do something that should take minutes.
Authentication complete.
Sat Nov 12 15:00:02 2022 - Tweet 111 of 118 posted: I'm not surprised that lettuce won. I give myself 6 days before I have some surreal dream about a civilization of sentient pieces of lettuce.
Authentication complete.
Sat Nov 12 16:00:02 2022 - Tweet 10 of 118 posted: Mother's been trying to guess who has been on my mind today. Naomi Scott was her latest guess.
Authentication complete.
Sat Nov 12 17:00:02 2022 - Tweet 40 of 118 posted: Damn, Lestrange. You could've picked a man with a nose at least. Dude looks like an off-brand Kojak.
Authentication complete.
Sat Nov 12 18:00:02 2022 - Tweet 26 of 118 posted: Ah, what I would not give for Maya Hawke to look me in the eye and say 'Cara mia'.
Authentication complete.
Sat Nov 12 19:00:02 2022 - Tweet 27 of 118 posted: Five minutes into Star Trek and all I can say is Me Hani Ika Hali Ka Po must be protected at all costs.
Authentication complete.
Sat Nov 12 20:00:02 2022 - Tweet 79 of 118 posted: I'm still getting over Debbie's choice to use pastels. Like, seriously? Could be worse. It could be tiled with those 'live, laugh, love' things everywhere.
Authentication complete.
Sat Nov 12 21:00:02 2022 - Tweet 114 of 118 posted: No idea what I wan't to do right now.
Authentication complete.
Sat Nov 12 22:00:02 2022 - Tweet 19 of 118 posted: Someone just guessed what's on my mind now. They said, "Daisy Ridley, some tom yum, and watching Gunpowder Milkshake". They're not far off.
Authentication complete.
Sat Nov 12 23:00:02 2022 - Tweet 81 of 118 posted: A friend of mine told me I should cosplay as Sailor Saturn. I'll give it some thought. She's my favourite sailor scout, after all.
Authentication complete.
Sun Nov 13 00:00:02 2022 - Tweet 3 of 118 posted: I'll be said when October is gone.
Authentication complete.
Sun Nov 13 01:00:02 2022 - Tweet 70 of 118 posted: Gay and tired? That sounds like me in the evenings. 85.6% gay, 14.4% tired.
Authentication complete.
Sun Nov 13 02:00:02 2022 - Tweet 21 of 118 posted: Sometimes, my internet wants to run like it was made in 1772.
Authentication complete.
Sun Nov 13 03:00:02 2022 - Tweet 39 of 118 posted: Be afraid. Be very afraid. Like practically everyone when they notice the Duolingo owl following them when they missed their lesson in Scottish Gaelic.
Authentication complete.
Sun Nov 13 04:00:01 2022 - Tweet 15 of 118 posted: For 0.239 seconds I imagined Father spending some time in France. As for how dramatic he'd be on a scale of 1 to 10 when he notices everyone speaking French, I'd say at least 419.
Authentication complete.
Sun Nov 13 11:00:02 2022 - Tweet 63 of 118 posted: Those two at Camp Chippewa were about as useful as a concrete parachute.
Authentication complete.
Sun Nov 13 12:00:02 2022 - Tweet 110 of 118 posted: Been playing a lot of GTA V recently. Has anyone told Michael De Santa he looks like he's holding in a fart for the whole game?
Authentication complete.
Sun Nov 13 13:00:02 2022 - Tweet 87 of 118 posted: What in the fresh fuck is this Barbie thing? I've sat there for 3 hours trying to understand it only to still be confused.
Authentication complete.
Sun Nov 13 14:00:02 2022 - Tweet 81 of 118 posted: A friend of mine told me I should cosplay as Sailor Saturn. I'll give it some thought. She's my favourite sailor scout, after all.
Authentication complete.
Sun Nov 13 15:00:02 2022 - Tweet 26 of 118 posted: Ah, what I would not give for Dominique Tipper to look me in the eye and say 'Cara mia'.
Authentication complete.
Sun Nov 13 16:00:02 2022 - Tweet 18 of 118 posted: Thing's had a guess at what I dreamt of the other day. "A day out with Billie Piper, enjoying some feijoada as the sun sets" was what he wrote down.
Authentication complete.
Sun Nov 13 17:00:02 2022 - Tweet 70 of 118 posted: Gay and tired? That sounds like me in the evenings. 92.7% gay, 7.3% tired.
Authentication complete.
Sun Nov 13 18:00:02 2022 - Tweet 26 of 122 posted: Ah, what I would not give for Billie Piper to look me in the eye and say 'Cara mia'.
Authentication complete.
Sun Nov 13 19:00:02 2022 - Tweet 30 of 122 posted: Took me 0.1036 seconds to join the #wenclair fandom.
Authentication complete.
Sun Nov 13 20:00:02 2022 - Tweet 3 of 122 posted: I'll be said when October is gone.
Authentication complete.
Sun Nov 13 21:00:02 2022 - Tweet 119 of 122 posted: Asking myself whether I should make myself a cup of tea or wait until later. I give it 141 minutes before the urge for a cup of tea becomes overwhelming.
Authentication complete.
Sun Nov 13 22:00:02 2022 - Tweet 40 of 122 posted: I hate everything... except maybe rainy days
Authentication complete.
Sun Nov 13 23:00:02 2022 - Tweet 35 of 122 posted: A spider is a girl's best friend.
Authentication complete.
Mon Nov 14 00:00:02 2022 - Tweet 109 of 122 posted: It's colder than I expected it to be today. A reminder of the cold embrace of death. If only it fucking snowed once in a while.
Authentication complete.
Mon Nov 14 01:00:02 2022 - Tweet 22 of 122 posted: Trying to get VS Code, WSL and GitHub to play ball together's a pain in the ass. At least 123% pure frustration.
Authentication complete.
Mon Nov 14 02:00:02 2022 - Tweet 78 of 122 posted: I sometimes wish I was in the Townsend Agency. Someone should make fanfiction of that, come to think of it. The Addams Family x 2019 Charlie's Angels would be an interesting combination
Authentication complete.
Mon Nov 14 03:00:02 2022 - Tweet 1 of 122 posted: I await Wednesday with great interest.
Authentication complete.
Mon Nov 14 04:00:02 2022 - Tweet 117 of 122 posted: I tried brussels sprouts once. No thanks. What madman brought those things into existence?
Authentication complete.
Mon Nov 14 11:00:02 2022 - Tweet 36 of 122 posted: What's worse than Camp Chippewa? A successful Windows Vista installation, according to someone whose comment I overheard the other day.
Authentication complete.
Mon Nov 14 12:00:02 2022 - Tweet 10 of 122 posted: Mother's been trying to guess who has been on my mind today. Rihanna was her latest guess.
Authentication complete.
Mon Nov 14 13:00:02 2022 - Tweet 42 of 122 posted: You severely underestimate my apathy.
Authentication complete.
Mon Nov 14 14:00:02 2022 - Tweet 51 of 122 posted: Okay, I admit it, I am officially gay for Ella Balinska. I liked that one part of the quarry scene and I didn't blame Sabina for covering her eyes. None of them seem the macabre type.
Authentication complete.
Mon Nov 14 15:00:02 2022 - Tweet 27 of 122 posted: Five minutes into Star Trek and all I can say is Me Hani Ika Hali Ka Po must be protected at all costs.
Authentication complete.
Mon Nov 14 16:00:02 2022 - Tweet 13 of 122 posted: Pugsley tried to guess what I dreamt about the other night. He guessed it involved Florence Pugh and some anticucho while Ocean Eyes played quietly in the background.
Authentication complete.
Mon Nov 14 17:00:02 2022 - Tweet 89 of 122 posted: Spotted a black cat out of the window. It's probably thinking about purrgatory, either that or one of their 82127 plans for world domination.
Authentication complete.
Mon Nov 14 18:00:09 2022 - Tweet 89 of 122 posted: Spotted a black cat out of the window. It's probably thinking about purrgatory, either that or one of their 91959 plans for world domination.
Authentication complete.
Authentication complete.
Mon Nov 14 20:00:02 2022 - Tweet 33 of 122 posted: Remind me to ask Cousin Itt if that's a relative of his next to Han Solo.
Authentication complete.
Mon Nov 14 21:00:02 2022 - Tweet 62 of 122 posted: Sometimes, there's no better thing than a lie in.
Authentication complete.
Mon Nov 14 22:00:05 2022 - Tweet 3 of 122 posted: I'll be said when October is gone.
Authentication complete.
Mon Nov 14 23:00:02 2022 - Tweet 30 of 122 posted: Took me 0.245 seconds to join the #wenclair fandom.
Authentication complete.
Tue Nov 15 00:00:03 2022 - Tweet 21 of 122 posted: Sometimes, my internet wants to run like it was made in 1902.
Authentication complete.
Tue Nov 15 01:00:02 2022 - Tweet 83 of 122 posted: I'm still getting over Debbie's choice to use pastels. Like, seriously? Could be worse. It could be neon green with bright orange polka dots.
Authentication complete.
Tue Nov 15 02:00:02 2022 - Tweet 6 of 122 posted: Why do I have Bad Guy stuck in my head all of a sudden?
Authentication complete.
Tue Nov 15 03:00:02 2022 - Tweet 114 of 122 posted: Been playing a lot of GTA V recently. Has anyone told Michael De Santa he looks like he's holding in a fart for the whole game?
Authentication complete.
Tue Nov 15 04:00:02 2022 - Tweet 16 of 122 posted: Where's a thunderstorm when you need one? It's been at least 7 days since the last one.
Traceback (most recent call last):
  File "/home/wednesday-addams/Documents/.Automation/Twitter Bots/Lesbian Wednesday Addams/tweetbot.py", line 17, in <module>
    from tweetlist import *
  File "/home/wednesday-addams/Documents/.Automation/Twitter Bots/Lesbian Wednesday Addams/tweetlist.py", line 776, in <module>
    f'I hate it when I want a lie in and something wakes me up. {random.randint(1/101)/100}/10 - do not recommend.',
TypeError: randint() missing 1 required positional argument: 'b'
Authentication complete.
Tue Nov 15 12:00:02 2022 - Tweet 95 of 122 posted: I like Fridays too.
Authentication complete.
Tue Nov 15 13:00:02 2022 - Tweet 38 of 124 posted: This Voldemort fellow looks as though Uncle Fester forgot his nose.
Authentication complete.
Tue Nov 15 14:00:02 2022 - Tweet 50 of 124 posted: Damn, Lestrange. You could've picked a man with a nose at least. Dude looks like he comes from an egg carton.
Authentication complete.
Tue Nov 15 15:00:02 2022 - Tweet 107 of 124 posted: It's a bit cold outside. If only it fucking snowed once in a while.
Authentication complete.
Tue Nov 15 16:00:02 2022 - Tweet 9 of 124 posted: I've got street food stuck on my mind right now. I think my brain's telling me to have some feijoada.
Authentication complete.
Tue Nov 15 17:00:02 2022 - Tweet 39 of 124 posted: Remind me to ask Cousin Itt if that's a relative of his next to Han Solo.
Authentication complete.
Tue Nov 15 18:00:02 2022 - Tweet 58 of 127 posted: Okay, I admit it. I like Billie Eilish.
Authentication complete.
Tue Nov 15 19:00:01 2022 - Tweet 32 of 127 posted: Someone just guessed what's on my mind now. They said, "Karen Gillan, some nihari, and watching Hitchhiker's Guide to the Galaxy". They're not far off.
Authentication complete.
Tue Nov 15 20:00:02 2022 - Tweet 8 of 127 posted: I've had the same song stuck in my head for the last 8 days... Bohemian Rhapsody
Authentication complete.
Tue Nov 15 21:00:02 2022 - Tweet 9 of 127 posted: Sometimes I find myself bored out of my mind before September Song - Agnes Obel starts playing in my head.
Authentication complete.
Tue Nov 15 22:00:02 2022 - Tweet 45 of 127 posted: What's worse than Camp Chippewa? Ellesmere Port, according to someone whose comment I overheard the other day.
Authentication complete.
Tue Nov 15 23:00:03 2022 - Tweet 95 of 127 posted: Sometimes I get bored enough that I see no other thing to do than to look through memes for hours on end. The creativity is... impressive.
