Authentication complete.
Tweet 24 of 106 posted: What's worse than Camp Chippewa? A printer, according to some man whose comment I overheard the other day.
Authentication complete.
Tweet 97 of 107 posted: I want something to eat, but I don't know what I want.
Authentication complete.
Tweet 41 of 107 posted: Who's that off-brand Uncle Fester playing at in the East?
Authentication complete.
Tweet 27 of 107 posted: Sailor Saturn? I like her.
Authentication complete.
Tweet 57 of 107 posted: Chloë Grace Moretz voiced me well.
Authentication complete.
Tweet 20 of 107 posted: Ah, what I would not give for Karen Gillan to look me in the eye and say 'Cara mia'.
Authentication complete.
Tweet 16 of 107 posted: Where's a thunderstorm when you need one?
Authentication complete.
Tweet 74 of 107 posted: Could you imagine if Uncle Fester went to an anime convention? They'd say One Punch Man let himself go.
Authentication complete.
Tweet 72 of 107 posted: I've got the music from Sailor Moon stuck in my head. Not gonna lie, though, I like it.
Authentication complete.
Tweet 32 of 107 posted: Be afraid. Be very afraid.
Authentication complete.
Traceback (most recent call last):
  File "/home/wednesday-addams/Documents/.Automation/Twitter Bots/Lesbian Wednesday Addams/tweetbot.py", line 134, in <module>
    tweet()
  File "/home/wednesday-addams/Documents/.Automation/Twitter Bots/Lesbian Wednesday Addams/tweetbot.py", line 116, in tweet
    api.update_status(tweetlist[line])
  File "/home/wednesday-addams/.local/lib/python3.9/site-packages/tweepy/api.py", line 46, in wrapper
    return method(*args, **kwargs)
  File "/home/wednesday-addams/.local/lib/python3.9/site-packages/tweepy/api.py", line 1142, in update_status
    return self.request(
  File "/home/wednesday-addams/.local/lib/python3.9/site-packages/tweepy/api.py", line 265, in request
    raise Forbidden(resp)
tweepy.errors.Forbidden: 403 Forbidden
187 - Status is a duplicate.
Authentication complete.
Tweet 49 of 107 posted: I wonder whose idea was it to call bras 'over the shoulder boulder holders'.
Authentication complete.
Traceback (most recent call last):
  File "/home/wednesday-addams/Documents/.Automation/Twitter Bots/Lesbian Wednesday Addams/tweetbot.py", line 134, in <module>
    tweet()
  File "/home/wednesday-addams/Documents/.Automation/Twitter Bots/Lesbian Wednesday Addams/tweetbot.py", line 116, in tweet
    api.update_status(tweetlist[line])
  File "/home/wednesday-addams/.local/lib/python3.9/site-packages/tweepy/api.py", line 46, in wrapper
    return method(*args, **kwargs)
  File "/home/wednesday-addams/.local/lib/python3.9/site-packages/tweepy/api.py", line 1142, in update_status
    return self.request(
  File "/home/wednesday-addams/.local/lib/python3.9/site-packages/tweepy/api.py", line 265, in request
    raise Forbidden(resp)
tweepy.errors.Forbidden: 403 Forbidden
187 - Status is a duplicate.
Authentication complete.
Tweet 55 of 107 posted: Man, those two at Camp Chippewa were the Gary, Indiana of people.
Authentication complete.
Tweet 30 of 107 posted: I'll stop wearing black when they make a darker color.
Authentication complete.
Tweet 70 of 111 posted: I sometimes wish I was in the Townsend Agency. Someone should make fanfiction of that, come to think of it. The Addams Family x 2019 Charlie's Angels would be an interesting combination
Authentication complete.
Tweet 105 of 111 posted: Been playing a lot of GTA V recently. I like the chaos.
Authentication complete.
Tweet 58 of 111 posted: I can almost hear people watching the Addams Family films everywhere. So this is what the Droste effect is. Interesting.
Authentication complete.
Tweet 43 of 112 posted: Okay, I admit it. I like Billie Eilish.
Authentication complete.
Tweet 78 of 112 posted: A friend of mine told me I should cosplay as Sailor Saturn. I'll give it some thought. She's my favourite sailor scout, after all.
Authentication complete.
Tweet 57 of 112 posted: I want nothing more than to just chill on some days. Today seems to be one of them.
Authentication complete.
Conditional Tweet 5 of 5 posted: Thank goth it's Wednesday. The best day of the week, though I may be a bit biased on that one.
Authentication complete.
Conditional Tweet 5 of 5 posted: Thank goth it's Wednesday. The best day of the week, though I may be a bit biased on that one.
Authentication complete.
Tweet 18 of 113 posted: Thing's had a guess at what I dreamt of the other day. "A day out with Emma Watson, watching the Addams Family, half of us wondering whether the Droste Effect is happening like something out of the Twilight Zone" was what he wrote down.
Authentication complete.
Tweet 6 of 113 posted: Why do I have A View To A Kill stuck in my head all of a sudden?
Authentication complete.
Tweet 32 of 113 posted: On Wednesdays, we wear black.
Authentication complete.
Tweet 96 of 113 posted: What is this 'uwu' energy people keep mentioning? I'm aware kittens possess that energy, but still...
Authentication complete.
Traceback (most recent call last):
  File "/home/wednesday-addams/Documents/.Automation/Twitter Bots/Lesbian Wednesday Addams/tweetbot.py", line 137, in <module>
    tweet()
  File "/home/wednesday-addams/Documents/.Automation/Twitter Bots/Lesbian Wednesday Addams/tweetbot.py", line 119, in tweet
    api.update_status(tweetlist[line])
  File "/home/wednesday-addams/.local/lib/python3.9/site-packages/tweepy/api.py", line 46, in wrapper
    return method(*args, **kwargs)
  File "/home/wednesday-addams/.local/lib/python3.9/site-packages/tweepy/api.py", line 1142, in update_status
    return self.request(
  File "/home/wednesday-addams/.local/lib/python3.9/site-packages/tweepy/api.py", line 265, in request
    raise Forbidden(resp)
tweepy.errors.Forbidden: 403 Forbidden
186 - Tweet needs to be a bit shorter.
Authentication complete.
Tweet 108 of 113 posted: I'm not surprised that lettuce won. I give myself 7 days before I have some surreal dream about a civilization of sentient pieces of lettuce.
Authentication complete.
Tweet 23 of 113 posted: Why do people make doing certain processes hard? I swear it ends up taking 5 hours to do something that should take minutes.
Authentication complete.
Traceback (most recent call last):
  File "/home/wednesday-addams/Documents/.Automation/Twitter Bots/Lesbian Wednesday Addams/tweetbot.py", line 137, in <module>
    tweet()
  File "/home/wednesday-addams/Documents/.Automation/Twitter Bots/Lesbian Wednesday Addams/tweetbot.py", line 119, in tweet
    api.update_status(tweetlist[line])
  File "/home/wednesday-addams/.local/lib/python3.9/site-packages/tweepy/api.py", line 46, in wrapper
    return method(*args, **kwargs)
  File "/home/wednesday-addams/.local/lib/python3.9/site-packages/tweepy/api.py", line 1142, in update_status
    return self.request(
  File "/home/wednesday-addams/.local/lib/python3.9/site-packages/tweepy/api.py", line 265, in request
    raise Forbidden(resp)
tweepy.errors.Forbidden: 403 Forbidden
186 - Tweet needs to be a bit shorter.
Authentication complete.
Tweet 100 of 113 posted: It was foggy this morning, and I liked it. Now it's sunny... damn it.
Authentication complete.
Tweet 110 of 113 posted: I tried brussels sprouts once. No thanks. What madman brought those things into existence?
Authentication complete.
Tweet 41 of 113 posted: I heard someone saying that Thing used to be Luke Skywalker's hand. I'm not so sure about that yet.
Authentication complete.
Tweet 8 of 113 posted: I've got street food stuck on my mind right now. I think my brain's telling me to have some arepa.
Authentication complete.
Conditional Tweet 4 of 5 posted: October. The best month of all.
Traceback (most recent call last):
  File "/home/wednesday-addams/Documents/.Automation/Twitter Bots/Lesbian Wednesday Addams/tweetbot.py", line 17, in <module>
    from tweepy import OAuthHandler, API, TweepError
ImportError: cannot import name 'TweepError' from 'tweepy' (/home/wednesday-addams/.local/lib/python3.9/site-packages/tweepy/__init__.py)
Authentication complete.
Traceback (most recent call last):
  File "/home/wednesday-addams/Documents/.Automation/Twitter Bots/Lesbian Wednesday Addams/tweetbot.py", line 143, in <module>
    tweet()
  File "/home/wednesday-addams/Documents/.Automation/Twitter Bots/Lesbian Wednesday Addams/tweetbot.py", line 130, in tweet
    api.update_status(tweetlist[line])
  File "/home/wednesday-addams/.local/lib/python3.9/site-packages/tweepy/api.py", line 46, in wrapper
    return method(*args, **kwargs)
  File "/home/wednesday-addams/.local/lib/python3.9/site-packages/tweepy/api.py", line 1142, in update_status
    return self.request(
  File "/home/wednesday-addams/.local/lib/python3.9/site-packages/tweepy/api.py", line 265, in request
    raise Forbidden(resp)
tweepy.errors.Forbidden: 403 Forbidden
187 - Status is a duplicate.

During handling of the above exception, another exception occurred:

Traceback (most recent call last):
  File "/home/wednesday-addams/Documents/.Automation/Twitter Bots/Lesbian Wednesday Addams/tweetbot.py", line 145, in <module>
    if err.args[0][0]['code'] == 186:
TypeError: string indices must be integers
Authentication complete.
Tweet 13 of 113 posted: Pugsley tried to guess what I dreamt about the other night. He guessed it involved Rihanna and some fugazzeta while A View To A Kill played quietly in the background.
Authentication complete.
Tweet 87 of 113 posted: When the weather app says it's going to rain and then it doesn't. Ugh...
Authentication complete.
Tweet 45 of 113 posted: That moment when you look at Maya Hawke and you feel the last vestiges of your heterosexuality disappearing. Yes. Mother noticed.
Authentication complete.
Conditional Tweet 5 of 5 posted: Thank goth it's Wednesday. The best day of the week, though I may be a bit biased on that one.
Authentication complete.
Tweet 52 of 113 posted: Sometimes I get bored enough that I see no other thing to do than to look through memes for hours on end. The creativity is... impressive.
Authentication complete.
Tweet 48 of 113 posted: That feeling you get when you take your bra off after a long day. I can agree with that.
Authentication complete.
Tweet 94 of 113 posted: A wig from a bargain store and a pinafore is not an ideal cosplay, though kudos for the effort at least.
Authentication complete.
Tweet 104 of 113 posted: I'm thinking about food. Odds are it's because I can smell it cooking. I hope whoever cooked it hasn't burned it.
Authentication complete.
Tweet 53 of 113 posted: There's nothing worse than a bad internet connection, especially when I'm trying to game. 9.035Mbps? Seriously?
Authentication complete.
Tweet 76 of 113 posted: I overheard someone saying that some company's headquarters was their version of hell. I can only assume they work in tech support, so it's fortunate I don't bother with printers. Sounds like more trouble than they're worth.
Authentication complete.
Tweet 18 of 113 posted: Thing's had a guess at what I dreamt of the other day. "A day out with Kate Beckinsale, watching Lord of the Rings in one sitting" was what he wrote down.
Authentication complete.
Tweet 84 of 113 posted: I doubt Father could handle a trip to France. I can hear "Tish, that's French!" from 68 kilometres away.
Authentication complete.
Traceback (most recent call last):
  File "/home/wednesday-addams/Documents/.Automation/Twitter Bots/Lesbian Wednesday Addams/tweetbot.py", line 155, in <module>
    tweet()
  File "/home/wednesday-addams/Documents/.Automation/Twitter Bots/Lesbian Wednesday Addams/tweetbot.py", line 142, in tweet
    api.update_status(tweetlist[line])
  File "/home/wednesday-addams/.local/lib/python3.9/site-packages/tweepy/api.py", line 46, in wrapper
    return method(*args, **kwargs)
  File "/home/wednesday-addams/.local/lib/python3.9/site-packages/tweepy/api.py", line 1142, in update_status
    return self.request(
  File "/home/wednesday-addams/.local/lib/python3.9/site-packages/tweepy/api.py", line 265, in request
    raise Forbidden(resp)
tweepy.errors.Forbidden: 403 Forbidden
187 - Status is a duplicate.

During handling of the above exception, another exception occurred:

Traceback (most recent call last):
  File "/home/wednesday-addams/Documents/.Automation/Twitter Bots/Lesbian Wednesday Addams/tweetbot.py", line 157, in <module>
    if err.args[0][0][err] == '186':
TypeError: string indices must be integers
Authentication complete.
Tweet 44 of 113 posted: Okay, I admit it. I like Billie Eilish.
Authentication complete.
Tweet 25 of 113 posted: I can't tell of there's a thunderstorm coming or Pugsley's had beans again. 9 cans of air freshener won't be enough if it's not thunder.
Authentication complete.
Tweet 14 of 113 posted: I'm craving acarejé right now. Where's Dr Strange and that sling ring of his? It'll save me having to walk to get the food.
Authentication complete.
Tweet 63 of 113 posted: Chloë Grace Moretz voiced me well.
Authentication complete.
Tweet 13 of 113 posted: Pugsley tried to guess what I dreamt about the other night. He guessed it involved Emma Watson and some salteñas while Heavy Fuel played quietly in the background.
Authentication complete.
Tweet 96 of 113 posted: What is this 'uwu' energy people keep mentioning? I'm aware kittens possess that energy, but still...
Authentication complete.
Tweet 91 of 113 posted: I think I'm the most prepared in the Addams clan. Pugsley's guess of 872 million of them was quite the overstatement.
Authentication complete.
Tweet 79 of 113 posted: A friend of mine told me I should cosplay as Sailor Saturn. I'll give it some thought. She's my favourite sailor scout, after all.
Authentication complete.
Tweet 100 of 113 posted: It was foggy this morning, and I liked it. Now it's sunny... damn it.
Authentication complete.
Tweet 6 of 113 posted: Why do I have Hard Rock Hallelujah stuck in my head all of a sudden?
Authentication complete.
Tweet 67 of 113 posted: Linux intrigues me for some reason, though I am not quite sure why. Could you imagine a sysadmin in the Addams Family?
Authentication complete.
Tweet 106 of 113 posted: They had men doing construction work out the window once. At least their radio choices were decent.
Authentication complete.
Tweet 26 of 113 posted: Ah, what I would not give for Alexandra Daddario to look me in the eye and say 'Cara mia'.
Authentication complete.
Tweet 17 of 113 posted: There's nothing better than a peaceful night, a gentle breeze and a temperature of 16°C
Authentication complete.
Tweet 78 of 113 posted: I've got the music from Sailor Moon stuck in my head. Not gonna lie, though, I like it.
Authentication complete.
Tweet 102 of 113 posted: It's colder than I expected it to be today. A reminder of the cold embrace of death.
Authentication complete.
Tweet 10 of 113 posted: Mother's been trying to guess who has been on my mind today. Úrsula Corberó was her latest guess.
Authentication complete.
Tweet 87 of 113 posted: When the weather app says it's going to rain and then it doesn't. Ugh...
Authentication complete.
Traceback (most recent call last):
  File "/home/wednesday-addams/Documents/.Automation/Twitter Bots/Lesbian Wednesday Addams/tweetbot.py", line 155, in <module>
    tweet()
  File "/home/wednesday-addams/Documents/.Automation/Twitter Bots/Lesbian Wednesday Addams/tweetbot.py", line 142, in tweet
    api.update_status(tweetlist[line])
  File "/home/wednesday-addams/.local/lib/python3.9/site-packages/tweepy/api.py", line 46, in wrapper
    return method(*args, **kwargs)
  File "/home/wednesday-addams/.local/lib/python3.9/site-packages/tweepy/api.py", line 1142, in update_status
    return self.request(
  File "/home/wednesday-addams/.local/lib/python3.9/site-packages/tweepy/api.py", line 265, in request
    raise Forbidden(resp)
tweepy.errors.Forbidden: 403 Forbidden
187 - Status is a duplicate.

During handling of the above exception, another exception occurred:

Traceback (most recent call last):
  File "/home/wednesday-addams/Documents/.Automation/Twitter Bots/Lesbian Wednesday Addams/tweetbot.py", line 157, in <module>
    if err.args[0][0][err] == '186':
TypeError: string indices must be integers
Authentication complete.
Tweet 77 of 114 posted: I'm still getting over Debbie's choice to use pastels. Like, seriously?
Authentication complete.
Tweet 53 of 114 posted: There's nothing worse than a bad internet connection, especially when I'm trying to game. 4.141Mbps? Seriously?
Authentication complete.
Tweet 69 of 114 posted: Sometimes I just want to sleep after a long day.
Authentication complete.
Tweet 72 of 114 posted: I sometimes wish I was in the Townsend Agency. Someone should make fanfiction of that, come to think of it. The Addams Family x 2019 Charlie's Angels would be an interesting combination
Authentication complete.
Tweet 35 of 114 posted: I hate everything... except maybe spiders
Authentication complete.
Traceback (most recent call last):
  File "/home/wednesday-addams/Documents/.Automation/Twitter Bots/Lesbian Wednesday Addams/tweetbot.py", line 155, in <module>
    tweet()
  File "/home/wednesday-addams/Documents/.Automation/Twitter Bots/Lesbian Wednesday Addams/tweetbot.py", line 142, in tweet
    api.update_status(tweetlist[line])
  File "/home/wednesday-addams/.local/lib/python3.9/site-packages/tweepy/api.py", line 46, in wrapper
    return method(*args, **kwargs)
  File "/home/wednesday-addams/.local/lib/python3.9/site-packages/tweepy/api.py", line 1142, in update_status
    return self.request(
  File "/home/wednesday-addams/.local/lib/python3.9/site-packages/tweepy/api.py", line 265, in request
    raise Forbidden(resp)
tweepy.errors.Forbidden: 403 Forbidden
186 - Tweet needs to be a bit shorter.

During handling of the above exception, another exception occurred:

Traceback (most recent call last):
  File "/home/wednesday-addams/Documents/.Automation/Twitter Bots/Lesbian Wednesday Addams/tweetbot.py", line 157, in <module>
    if err.args[0][0]['code'] == '186':
TypeError: string indices must be integers
Authentication complete.
Tweet 30 of 115 posted: A spider is a girl's best friend.
Authentication complete.
Tweet 33 of 115 posted: Sailor Saturn? I like her.
Authentication complete.
Tweet 115 of 115 posted: I sometimes have those momemts when all I can hear is someone shouting loudly at something out of pure frustration. I'd say it's probably at around 111 decibels.
Authentication complete.
Tweet 21 of 115 posted: Sometimes, my internet wants to run like it was made in 1629.
Authentication complete.
Conditional Tweet 3 of 5 posted: Halloween's not for some time yet. Still, another year closer to death's cold embrace.
Authentication complete.
Tweet 49 of 115 posted: Have you ever lied there thinking about something and the next thing you know it's the next morning? Only caffeine and the works of Poe sustain me from then on.
Authentication complete.
Tweet 16 of 115 posted: Where's a thunderstorm when you need one? It's been at least 4 days since the last one.
Authentication complete.
Tweet 74 of 115 posted: Tea is the only thing keeping me awake sometimes.
Authentication complete.
Tweet 101 of 115 posted: It was foggy this morning, and I liked it. Now it's sunny... damn it.
Authentication complete.
Tweet 112 of 115 posted: No idea what I wan't to do right now.
Authentication complete.
Tweet 85 of 115 posted: I doubt Father could handle a trip to France. I can hear "Tish, that's French!" from 45 miles away.
Authentication complete.
Tweet 54 of 115 posted: I sometimes find myself drinkng tea as much as Captain Janeway drinks coffee. She drank coffee at Warp 9.07
Authentication complete.
Tweet 105 of 115 posted: I'm thinking about food. Odds are it's because I can smell it cooking. I hope whoever cooked it hasn't burned it.
Authentication complete.
Tweet 68 of 115 posted: Linux intrigues me for some reason, though I am not quite sure why. Could you imagine a sysadmin in the Addams Family?
Authentication complete.
Tweet 17 of 115 posted: There's nothing better than a peaceful night, a gentle breeze and a temperature of 16°C
Authentication complete.
Traceback (most recent call last):
  File "/home/wednesday-addams/Documents/.Automation/Twitter Bots/Lesbian Wednesday Addams/tweetbot.py", line 28, in <module>
    os.chdir('/home/wednesday-addams/Documents/.Automation/Twitter Bots/Lesbian Wednesday Addams/Logs/')
FileNotFoundError: [Errno 2] No such file or directory: '/home/wednesday-addams/Documents/.Automation/Twitter Bots/Lesbian Wednesday Addams/Logs/'
